INFO:sim:172 - Generating IP...
Applying current project options...
Finished applying current project options.
WARNING:sim - A core named 'ip_imem' already exists in the project. Output
   products for this core may be overwritten.
Resolving generics for 'ip_imem'...
WARNING:sim - A core named 'ip_imem' already exists in the project. Output
   products for this core may be overwritten.
Applying external generics to 'ip_imem'...
Delivering associated files for 'ip_imem'...
Delivering EJava files for 'ip_imem'...
Generating implementation netlist for 'ip_imem'...
INFO:sim - Pre-processing HDL files for 'ip_imem'...
Running synthesis for 'ip_imem'
Running ngcbuild...
Writing VEO instantiation template for 'ip_imem'...
Writing Verilog behavioral simulation model for 'ip_imem'...
WARNING:sim - Overwriting existing file
   E:/mycpu/ipcore_dir/tmp/_cg/ip_imem/doc/dist_mem_gen_v7_2_vinfo.html with
   file from view xilinx_documentation
Delivered 2 files into directory E:/mycpu/ipcore_dir/tmp/_cg/ip_imem
Generating ASY schematic symbol...
INFO:sim:949 - Finished generation of ASY schematic symbol.
Generating SYM schematic symbol for 'ip_imem'...
Generating metadata file...
Regenerating ISE project file for 'ip_imem'...
Generating ISE project...
XCO file found: ip_imem.xco
XMDF file found: ip_imem_xmdf.tcl
Adding E:/mycpu/ipcore_dir/tmp/_cg/ip_imem.asy -view all -origin_type imported
Adding E:/mycpu/ipcore_dir/tmp/_cg/ip_imem.ngc -view all -origin_type created
Checking file "E:/mycpu/ipcore_dir/tmp/_cg/ip_imem.ngc" for project device match
...
File "E:/mycpu/ipcore_dir/tmp/_cg/ip_imem.ngc" device information matches
project device.
Adding E:/mycpu/ipcore_dir/tmp/_cg/ip_imem.sym -view all -origin_type imported
Adding E:/mycpu/ipcore_dir/tmp/_cg/ip_imem.v -view all -origin_type created
INFO:HDLCompiler:1845 - Analyzing Verilog file
   "E:/mycpu/ipcore_dir/tmp/_cg/ip_imem.v" into library work
INFO:ProjectMgmt - Parsing design hierarchy completed successfully.
Adding E:/mycpu/ipcore_dir/tmp/_cg/ip_imem.veo -view all -origin_type imported
INFO:TclTasksC:2116 - The automatic calculation of top has been turned-off.
   Please set the new top explicitly by running the "project set top" command.
   To re-calculate the new top automatically, set the "Auto Implementation Top"
   property to true.
Top level has been set to "/ip_imem"
Generating README file...
Generating FLIST file...
INFO:sim:948 - Finished FLIST file generation.
Launching README viewer...
Moving files to output directory...
Finished moving files to output directory
Wrote CGP file for project 'ip_imem'.
